[12:44:58] [Datafixer Bootstrap/INFO]: 226 Datafixer optimizations took 662 milliseconds
[12:44:59] [main/INFO]: [OptiFine] (Reflector) Method not present: net.minecraftforge.common.extensions.IForgeEntity.canUpdate
[12:44:59] [main/INFO]: [OptiFine] (Reflector) Class not present: net.minecraftforge.logging.CrashReportExtender
[12:45:00] [main/INFO]: [OptiFine] (Reflector) Method not present: net.minecraft.tags.ItemTags.create
[12:45:06] [Render thread/INFO]: Environment: Environment[sessionHost=https://sessionserver.mojang.com, servicesHost=https://api.minecraftservices.com, name=PROD]
[12:45:06] [Render thread/INFO]: Setting user: Exlenty_25Dza
[12:45:06] [Render thread/INFO]: [OptiFine] (Reflector) Class not present: net.minecraftforge.client.settings.KeyConflictContext
[12:45:06] [Render thread/INFO]: [OptiFine] (Reflector) Method not present: net.minecraft.client.KeyMapping.getKeyModifier
[12:45:06] [Render thread/INFO]: [OptiFine] (Reflector) Class not present: net.minecraft.launchwrapper.Launch
[12:45:06] [Render thread/INFO]: [OptiFine] (Reflector) Class not present: net.minecraftforge.versions.forge.ForgeVersion
[12:45:06] [Render thread/INFO]: Backend library: LWJGL version 3.3.3+5
[12:45:06] [Render thread/INFO]: [OptiFine] (Reflector) Class not present: net.minecraftforge.fml.loading.ImmediateWindowHandler
[12:45:07] [Render thread/WARN]: [OptiFine] (Reflector) java.lang.ClassNotFoundException: sun.misc.SharedSecrets
[12:45:07] [Render thread/WARN]: [OptiFine] (Reflector) java.lang.ClassNotFoundException: jdk.internal.misc.SharedSecrets
[12:45:07] [Render thread/WARN]: [OptiFine] (Reflector) java.lang.ClassNotFoundException: sun.misc.VM
[12:45:07] [Render thread/WARN]: [OptiFine] (Reflector) java.lang.reflect.InaccessibleObjectException: Unable to make public static long jdk.internal.misc.VM.maxDirectMemory() accessible: module java.base does not "exports jdk.internal.misc" to unnamed module @649bec2e
[12:45:07] [Render thread/INFO]: [OptiFine] 
[12:45:07] [Render thread/INFO]: [OptiFine] OptiFine_1.21.1_HD_U_J1
[12:45:07] [Render thread/INFO]: [OptiFine] (Reflector) Class not present: optifine.OptiFineResourceLocator
[12:45:07] [Render thread/INFO]: [OptiFine] Build: null
[12:45:07] [Render thread/INFO]: [OptiFine] OS: Windows 11 (amd64) version 10.0
[12:45:07] [Render thread/INFO]: [OptiFine] Java: 21.0.5, Amazon.com Inc.
[12:45:07] [Render thread/INFO]: [OptiFine] VM: OpenJDK 64-Bit Server VM (mixed mode, sharing), Amazon.com Inc.
[12:45:07] [Render thread/INFO]: [OptiFine] LWJGL: 3.4.0 Win32 WGL Null EGL OSMesa VisualC DLL
[12:45:07] [Render thread/INFO]: [OptiFine] OpenGL: NVIDIA GeForce RTX 3060/PCIe/SSE2, version 3.2.0 NVIDIA 560.94, NVIDIA Corporation
[12:45:07] [Render thread/INFO]: [OptiFine] OpenGL Version: 3.2.0
[12:45:07] [Render thread/INFO]: [OptiFine] Maximum texture size: 32768x32768
[12:45:07] [VersionCheck/INFO]: [OptiFine] Checking for new version
[12:45:07] [Render thread/INFO]: [Shaders] OpenGL Version: 3.2.0 NVIDIA 560.94
[12:45:07] [Render thread/INFO]: [Shaders] Vendor:  NVIDIA Corporation
[12:45:07] [Render thread/INFO]: [Shaders] Renderer: NVIDIA GeForce RTX 3060/PCIe/SSE2
[12:45:07] [Render thread/INFO]: [Shaders] Capabilities:  2.0  2.1  3.0  3.2  - 
[12:45:07] [Render thread/INFO]: [Shaders] GL_MAX_DRAW_BUFFERS: 8
[12:45:07] [Render thread/INFO]: [Shaders] GL_MAX_COLOR_ATTACHMENTS: 8
[12:45:07] [Render thread/INFO]: [Shaders] GL_MAX_TEXTURE_IMAGE_UNITS: 32
[12:45:07] [Render thread/INFO]: [Shaders] Load shaders configuration.
[12:45:07] [Render thread/INFO]: [Shaders] Save shaders configuration.
[12:45:07] [Render thread/INFO]: [Shaders] No shaderpack loaded.
[12:45:07] [Render thread/INFO]: [OptiFine] (Reflector) Class not present: net.minecraftforge.fml.ModList
[12:45:07] [Render thread/INFO]: [OptiFine] (Reflector) Class not present: net.minecraftforge.client.ForgeHooksClient
[12:45:07] [Render thread/INFO]: [OptiFine] (Reflector) Class not present: net.minecraftforge.common.MinecraftForge
[12:45:07] [Render thread/INFO]: [OptiFine] (Reflector) Class not present: net.minecraftforge.client.model.ForgeItemModelShaper
[12:45:07] [Render thread/INFO]: [OptiFine] (Reflector) Class not present: net.minecraftforge.client.model.lighting.ForgeModelBlockRenderer
[12:45:08] [VersionCheck/INFO]: [OptiFine] java.io.FileNotFoundException: http://optifine.net/version/1.21.1/HD_U.txt
[12:45:08] [Render thread/INFO]: Reloading ResourceManager: vanilla
[12:45:08] [Render thread/INFO]: [OptiFine] *** Reloading textures ***
[12:45:08] [Render thread/INFO]: [OptiFine] Resource packs: vanilla
[12:45:08] [Worker-Main-7/INFO]: [OptiFine] Pre-stitch: minecraft:textures/atlas/banner_patterns.png
[12:45:08] [Worker-Main-19/INFO]: [OptiFine] Pre-stitch: minecraft:textures/atlas/chest.png
[12:45:08] [Worker-Main-16/INFO]: [OptiFine] Pre-stitch: minecraft:textures/atlas/shulker_boxes.png
[12:45:08] [Worker-Main-4/INFO]: [OptiFine] Pre-stitch: minecraft:textures/atlas/shield_patterns.png
[12:45:08] [Worker-Main-3/INFO]: [OptiFine] Pre-stitch: minecraft:textures/atlas/decorated_pot.png
[12:45:08] [Worker-Main-8/INFO]: [OptiFine] Pre-stitch: minecraft:textures/atlas/signs.png
[12:45:08] [Worker-Main-15/INFO]: [OptiFine] Pre-stitch: minecraft:textures/atlas/beds.png
[12:45:08] [Worker-Main-15/INFO]: [OptiFine] Multitexture: false
[12:45:08] [Worker-Main-16/INFO]: [OptiFine] Multitexture: false
[12:45:08] [Worker-Main-19/INFO]: [OptiFine] Multitexture: false
[12:45:08] [Worker-Main-3/INFO]: [OptiFine] Multitexture: false
[12:45:08] [Worker-Main-8/INFO]: [OptiFine] Multitexture: false
[12:45:08] [Worker-Main-7/INFO]: [OptiFine] Multitexture: false
[12:45:08] [Worker-Main-4/INFO]: [OptiFine] Multitexture: false
[12:45:08] [Worker-Main-12/INFO]: [OptiFine] Pre-stitch: minecraft:textures/atlas/paintings.png
[12:45:08] [Worker-Main-12/INFO]: [OptiFine] Multitexture: false
[12:45:08] [Worker-Main-1/INFO]: [OptiFine] Pre-stitch: minecraft:textures/atlas/mob_effects.png
[12:45:08] [Worker-Main-10/INFO]: [OptiFine] Pre-stitch: minecraft:textures/atlas/map_decorations.png
[12:45:08] [Worker-Main-1/INFO]: [OptiFine] Multitexture: false
[12:45:08] [Worker-Main-10/INFO]: [OptiFine] Multitexture: false
[12:45:08] [Worker-Main-6/INFO]: [OptiFine] Pre-stitch: minecraft:textures/atlas/armor_trims.png
[12:45:08] [Worker-Main-6/INFO]: [OptiFine] Multitexture: false
[12:45:08] [Worker-Main-13/INFO]: Found unifont_all_no_pua-15.1.05.hex, loading
[12:45:08] [Worker-Main-2/INFO]: [OptiFine] Pre-stitch: minecraft:textures/atlas/particles.png
[12:45:08] [Worker-Main-2/INFO]: [OptiFine] Multitexture: false
[12:45:08] [Worker-Main-9/INFO]: [OptiFine] Pre-stitch: minecraft:textures/atlas/gui.png
[12:45:08] [Worker-Main-9/INFO]: [OptiFine] Multitexture: false
[12:45:08] [Render thread/INFO]: [OptiFine] (Reflector) Class not present: net.minecraftforge.client.loading.ClientModLoader
[12:45:08] [Render thread/INFO]: [OptiFine] (Reflector) Class not present: net.minecraftforge.event.level.ChunkEvent$Load
[12:45:08] [Render thread/INFO]: [OptiFine] (Reflector) Class not present: net.minecraftforge.event.level.ChunkEvent$Unload
[12:45:08] [Render thread/INFO]: [OptiFine] (Reflector) Class not present: net.minecraftforge.client.ColorResolverManager
[12:45:08] [Render thread/INFO]: [OptiFine] (Reflector) Class not present: net.minecraftforge.logging.CrashReportAnalyser
[12:45:08] [Render thread/INFO]: [OptiFine] (Reflector) Class not present: net.minecraftforge.client.event.EntityRenderersEvent$CreateSkullModels
[12:45:08] [Render thread/INFO]: [OptiFine] (Reflector) Class not present: net.minecraftforge.eventbus.api.IEventBus
[12:45:08] [Render thread/INFO]: [OptiFine] (Reflector) Method not present: net.minecraft.client.renderer.block.BlockModelShaper.getTexture
[12:45:08] [Render thread/INFO]: [OptiFine] (Reflector) Method not present: net.minecraft.client.renderer.block.model.BlockElementFace.data
[12:45:08] [Render thread/INFO]: [OptiFine] (Reflector) Method not present: net.minecraftforge.common.extensions.IForgeBlockState.getSoundType
[12:45:08] [Render thread/INFO]: [OptiFine] (Reflector) Method not present: net.minecraftforge.common.extensions.IForgeBlockState.getStateAtViewpoint
[12:45:08] [Render thread/INFO]: [OptiFine] (Reflector) Method not present: net.minecraftforge.common.extensions.IForgeBlockState.shouldDisplayFluidOverlay
[12:45:08] [Render thread/INFO]: [OptiFine] (Reflector) Method not present: net.minecraftforge.common.extensions.IForgeEntity.getEyeInFluidType
[12:45:08] [Render thread/INFO]: [OptiFine] (Reflector) Method not present: net.minecraftforge.common.extensions.IForgeEntity.getParts
[12:45:08] [Render thread/INFO]: [OptiFine] (Reflector) Method not present: net.minecraftforge.common.extensions.IForgeEntity.hasCustomOutlineRendering
[12:45:08] [Render thread/INFO]: [OptiFine] (Reflector) Method not present: net.minecraftforge.common.extensions.IForgeEntity.isMultipartEntity
[12:45:08] [Render thread/INFO]: [OptiFine] (Reflector) Method not present: net.minecraftforge.common.extensions.IForgeEntity.onAddedToWorld
[12:45:08] [Render thread/INFO]: [OptiFine] (Reflector) Method not present: net.minecraftforge.common.extensions.IForgeEntity.onRemovedFromWorld
[12:45:08] [Render thread/INFO]: [OptiFine] (Reflector) Method not present: net.minecraftforge.common.extensions.IForgeEntity.shouldRiderSit
[12:45:08] [Render thread/INFO]: [OptiFine] (Reflector) Class not present: net.minecraftforge.event.ForgeEventFactory
[12:45:08] [Render thread/INFO]: [OptiFine] (Reflector) Class not present: net.minecraftforge.client.event.ForgeEventFactoryClient
[12:45:08] [Render thread/INFO]: [OptiFine] (Reflector) Method not present: net.minecraftforge.client.model.ForgeFaceData.calculateNormals
[12:45:08] [Render thread/INFO]: [OptiFine] (Reflector) Class not present: net.minecraftforge.common.ForgeHooks
[12:45:08] [Render thread/INFO]: [OptiFine] (Reflector) Field not present: net.minecraftforge.common.ForgeConfig$Client.calculateAllNormals
[12:45:08] [Render thread/INFO]: [OptiFine] (Reflector) Field not present: net.minecraftforge.common.ForgeConfig$Client.experimentalForgeLightPipelineEnabled
[12:45:08] [Render thread/INFO]: [OptiFine] (Reflector) Field not present: net.minecraftforge.common.ForgeConfig$Client.useCombinedDepthStencilAttachment
[12:45:08] [Render thread/INFO]: [OptiFine] (Reflector) Field not present: net.minecraftforge.common.ForgeConfigSpec.childConfig
[12:45:08] [Worker-Main-1/INFO]: Found unifont_jp_patch-15.1.05.hex, loading
[12:45:08] [Render thread/INFO]: [OptiFine] (Reflector) Field not present: net.minecraftforge.common.ForgeConfigSpec$ConfigValue.defaultSupplier
[12:45:08] [Render thread/INFO]: [OptiFine] (Reflector) Field not present: net.minecraftforge.common.ForgeConfigSpec$ConfigValue.spec
[12:45:08] [Render thread/INFO]: [OptiFine] (Reflector) Method not present: net.minecraftforge.common.ForgeConfigSpec$ConfigValue.get
[12:45:08] [Worker-Main-5/INFO]: [OptiFine] Pre-stitch: minecraft:textures/atlas/blocks.png
[12:45:08] [Worker-Main-5/INFO]: [OptiFine] Multitexture: false
[12:45:08] [Worker-Main-2/INFO]: [OptiFine] Scaled non power of 2: minecraft:cherry_2, 3 -> 9
[12:45:08] [Worker-Main-5/INFO]: [OptiFine] ConnectedTextures: optifine/ctm/default/00_glass_white/glass_pane_white.properties
[12:45:08] [Worker-Main-18/INFO]: [OptiFine] Scaled non power of 2: minecraft:widget/scroller_background, 6 -> 12
[12:45:08] [Worker-Main-19/INFO]: [OptiFine] Sprite size: 64
[12:45:08] [Worker-Main-19/INFO]: [OptiFine] Mipmap levels: 6
[12:45:08] [Worker-Main-19/INFO]: [OptiFine] Scaled too small texture: minecraft:missingno, 16 -> 64
[12:45:08] [Worker-Main-15/INFO]: [OptiFine] Sprite size: 64
[12:45:08] [Worker-Main-15/INFO]: [OptiFine] Mipmap levels: 6
[12:45:08] [Worker-Main-16/INFO]: [OptiFine] Sprite size: 64
[12:45:08] [Worker-Main-16/INFO]: [OptiFine] Mipmap levels: 6
[12:45:08] [Worker-Main-8/INFO]: [OptiFine] Sprite size: 64
[12:45:08] [Worker-Main-8/INFO]: [OptiFine] Mipmap levels: 6
[12:45:08] [Worker-Main-15/INFO]: [OptiFine] Scaled too small texture: minecraft:missingno, 16 -> 64
[12:45:08] [Worker-Main-3/INFO]: [OptiFine] Mipmap levels: 4
[12:45:08] [Worker-Main-16/INFO]: [OptiFine] Scaled too small texture: minecraft:missingno, 16 -> 64
[12:45:08] [Worker-Main-8/INFO]: [OptiFine] Scaled too small texture: minecraft:missingno, 16 -> 64
[12:45:08] [Render thread/INFO]: [OptiFine] (Reflector) Method not present: net.minecraft.world.level.chunk.ChunkAccess.getWorldForge
[12:45:08] [Render thread/INFO]: [OptiFine] (Reflector) Class not present: net.minecraftforge.common.extensions.IForgeItemStack
[12:45:08] [Render thread/INFO]: [OptiFine] (Reflector) Method not present: net.minecraft.client.KeyMapping.setKeyConflictContext
[12:45:08] [Render thread/INFO]: [OptiFine] (Reflector) Method not present: net.minecraft.client.KeyMapping.setKeyModifierAndCode
[12:45:08] [Render thread/INFO]: [OptiFine] (Reflector) Field not present: net.minecraft.server.level.Ticket.forceTicks
[12:45:08] [Render thread/INFO]: [OptiFine] (Reflector) Method not present: net.minecraft.server.level.Ticket.isForceTicks
[12:45:08] [Render thread/INFO]: [OptiFine] (Reflector) Method not present: net.minecraftforge.common.extensions.IForgeBlockEntity.getRenderBoundingBox
[12:45:08] [Render thread/INFO]: [OptiFine] (Reflector) Method not present: net.minecraftforge.common.extensions.IForgeBlockEntity.hasCustomOutlineRendering
[12:45:08] [Render thread/INFO]: [OptiFine] (Reflector) Class not present: net.minecraftforge.client.extensions.IForgeDimensionSpecialEffects
[12:45:08] [Render thread/INFO]: [OptiFine] (Reflector) Class not present: net.minecraftforge.client.ItemDecoratorHandler
[12:45:08] [Worker-Main-5/INFO]: [OptiFine] ConnectedTextures: optifine/ctm/default/00_glass_white/glass_white.properties
[12:45:08] [Render thread/INFO]: [OptiFine] (Reflector) Class not present: net.minecraftforge.client.settings.KeyModifier
[12:45:08] [Render thread/INFO]: [OptiFine] (Reflector) Class not present: net.minecraftforge.fml.ModContainer
[12:45:08] [Render thread/INFO]: [OptiFine] (Reflector) Class not present: net.minecraftforge.client.gui.ModListScreen
[12:45:08] [Render thread/INFO]: [OptiFine] (Reflector) Class not present: net.minecraftforge.fml.ModLoader
[12:45:08] [Render thread/INFO]: [OptiFine] (Reflector) Class not present: net.minecraftforge.event.PlayLevelSoundEvent
[12:45:08] [Render thread/INFO]: [OptiFine] (Reflector) Class not present: net.minecraftforge.client.model.pipeline.QuadBakingVertexConsumer
[12:45:08] [Render thread/INFO]: [OptiFine] (Reflector) Class not present: net.minecraftforge.client.model.QuadTransformers
[12:45:08] [Render thread/INFO]: [OptiFine] (Reflector) Class not present: net.minecraftforge.client.model.IQuadTransformer
[12:45:08] [Render thread/INFO]: [OptiFine] (Reflector) Class not present: net.minecraftforge.client.event.RenderBlockScreenEffectEvent$OverlayType
[12:45:08] [Worker-Main-5/INFO]: [OptiFine] ConnectedTextures: optifine/ctm/default/01_glass_orange/glass_orange.properties
[12:45:08] [Render thread/INFO]: [OptiFine] (Reflector) Class not present: net.minecraftforge.client.event.CustomizeGuiOverlayEvent$BossEventProgress
[12:45:08] [Render thread/INFO]: [OptiFine] (Reflector) Field not present: net.minecraftforge.client.event.RenderLevelStageEvent$Stage.AFTER_SKY
[12:45:08] [Render thread/INFO]: [OptiFine] (Reflector) Field not present: net.minecraftforge.client.event.RenderLevelStageEvent$Stage.AFTER_ENTITIES
[12:45:08] [Render thread/INFO]: [OptiFine] (Reflector) Field not present: net.minecraftforge.client.event.RenderLevelStageEvent$Stage.AFTER_BLOCK_ENTITIES
[12:45:08] [Render thread/INFO]: [OptiFine] (Reflector) Field not present: net.minecraftforge.client.event.RenderLevelStageEvent$Stage.AFTER_PARTICLES
[12:45:08] [Render thread/INFO]: [OptiFine] (Reflector) Field not present: net.minecraftforge.client.event.RenderLevelStageEvent$Stage.AFTER_WEATHER
[12:45:08] [Render thread/INFO]: [OptiFine] (Reflector) Field not present: net.minecraftforge.client.event.RenderLevelStageEvent$Stage.AFTER_LEVEL
[12:45:08] [Render thread/INFO]: [OptiFine] (Reflector) Method not present: net.minecraftforge.client.event.RenderLevelStageEvent$Stage.dispatch
[12:45:08] [Render thread/INFO]: [OptiFine] (Reflector) Class not present: net.minecraftforge.client.event.RenderNameTagEvent
[12:45:08] [Render thread/INFO]: [OptiFine] (Reflector) Class not present: net.minecraftforge.client.event.RenderTooltipEvent
[12:45:08] [Worker-Main-7/INFO]: [OptiFine] Sprite size: 64
[12:45:08] [Render thread/INFO]: [OptiFine] (Reflector) Class not present: net.minecraftforge.client.event.RenderTooltipEvent$Color
[12:45:08] [Worker-Main-7/INFO]: [OptiFine] Mipmap levels: 6
[12:45:08] [Render thread/INFO]: [OptiFine] (Reflector) Class not present: net.minecraftforge.client.event.ScreenshotEvent
[12:45:08] [Render thread/INFO]: [OptiFine] (Reflector) Class not present: net.minecraftforge.server.ServerLifecycleHooks
[12:45:08] [Render thread/INFO]: [OptiFine] (Reflector) Method not present: net.minecraft.client.particle.TerrainParticle.updateSprite
[12:45:08] [Render thread/INFO]: [OptiFine] (Reflector) Method not present: net.minecraft.client.gui.screens.inventory.tooltip.TooltipRenderUtil.renderTooltipBackground
[12:45:08] [Render thread/INFO]: [OptiFine] *** Reflector Vanilla ***
[12:45:08] [Worker-Main-4/INFO]: [OptiFine] Sprite size: 64
[12:45:08] [Worker-Main-4/INFO]: [OptiFine] Mipmap levels: 6
[12:45:08] [Worker-Main-5/INFO]: [OptiFine] ConnectedTextures: optifine/ctm/default/01_glass_orange/glass_pane_orange.properties
[12:45:08] [Worker-Main-5/INFO]: [OptiFine] ConnectedTextures: optifine/ctm/default/02_glass_magenta/glass_magenta.properties
[12:45:08] [Worker-Main-12/INFO]: [OptiFine] Scaled too small texture: minecraft:missingno, 16 -> 64
[12:45:08] [Worker-Main-7/INFO]: [OptiFine] Scaled too small texture: minecraft:missingno, 16 -> 64
[12:45:08] [Worker-Main-5/INFO]: [OptiFine] ConnectedTextures: optifine/ctm/default/02_glass_magenta/glass_pane_magenta.properties
[12:45:08] [Worker-Main-5/INFO]: [OptiFine] ConnectedTextures: optifine/ctm/default/03_glass_light_blue/glass_light_blue.properties
[12:45:08] [Worker-Main-5/INFO]: [OptiFine] ConnectedTextures: optifine/ctm/default/03_glass_light_blue/glass_pane_light_blue.properties
[12:45:08] [Worker-Main-5/INFO]: [OptiFine] ConnectedTextures: optifine/ctm/default/04_glass_yellow/glass_pane_yellow.properties
[12:45:08] [Worker-Main-2/INFO]: [OptiFine] Scaled non power of 2: minecraft:cherry_1, 3 -> 9
[12:45:08] [Worker-Main-18/INFO]: [OptiFine] Scaled non power of 2: minecraft:container/villager/scroller, 6 -> 12
[12:45:08] [Worker-Main-2/INFO]: [OptiFine] Scaled non power of 2: minecraft:cherry_0, 3 -> 9
[12:45:08] [Worker-Main-2/INFO]: [OptiFine] Scaled non power of 2: minecraft:cherry_11, 3 -> 9
[12:45:08] [Worker-Main-2/INFO]: [OptiFine] Scaled non power of 2: minecraft:cherry_10, 3 -> 9
[12:45:08] [Worker-Main-18/INFO]: [OptiFine] Scaled non power of 2: minecraft:widget/scroller, 6 -> 12
[12:45:08] [Worker-Main-2/INFO]: [OptiFine] Scaled non power of 2: minecraft:trial_omen, 5 -> 10
[12:45:08] [Worker-Main-2/INFO]: [OptiFine] Scaled non power of 2: minecraft:raid_omen, 5 -> 10
[12:45:08] [Worker-Main-2/INFO]: [OptiFine] Scaled non power of 2: minecraft:cherry_6, 3 -> 9
[12:45:08] [Worker-Main-2/INFO]: [OptiFine] Scaled non power of 2: minecraft:cherry_5, 3 -> 9
[12:45:08] [Worker-Main-18/INFO]: [OptiFine] Scaled non power of 2: minecraft:container/villager/scroller_disabled, 6 -> 12
[12:45:08] [Worker-Main-2/INFO]: [OptiFine] Scaled non power of 2: minecraft:cherry_4, 3 -> 9
[12:45:08] [Worker-Main-2/INFO]: [OptiFine] Scaled non power of 2: minecraft:cherry_3, 3 -> 9
[12:45:08] [Worker-Main-2/INFO]: [OptiFine] Scaled non power of 2: minecraft:cherry_9, 3 -> 9
[12:45:08] [Worker-Main-2/INFO]: [OptiFine] Scaled non power of 2: minecraft:cherry_8, 3 -> 9
[12:45:08] [Worker-Main-8/INFO]: [OptiFine] Scaled too small texture: minecraft:optifine/ctm/default/empty, 16 -> 64
[12:45:08] [Worker-Main-7/INFO]: [OptiFine] Scaled too small texture: minecraft:optifine/ctm/default/empty, 16 -> 64
[12:45:08] [Worker-Main-12/INFO]: [OptiFine] Scaled too small texture: minecraft:optifine/ctm/default/empty, 16 -> 64
[12:45:08] [Worker-Main-19/INFO]: [OptiFine] Scaled too small texture: minecraft:optifine/ctm/default/empty, 16 -> 64
[12:45:08] [Worker-Main-2/INFO]: [OptiFine] Scaled non power of 2: minecraft:cherry_7, 3 -> 9
[12:45:08] [Worker-Main-15/INFO]: [OptiFine] Scaled too small texture: minecraft:optifine/ctm/default/empty, 16 -> 64
[12:45:08] [Worker-Main-16/INFO]: [OptiFine] Scaled too small texture: minecraft:optifine/ctm/default/empty, 16 -> 64
[12:45:08] [Worker-Main-5/INFO]: [OptiFine] ConnectedTextures: optifine/ctm/default/04_glass_yellow/glass_yellow.properties
[12:45:08] [Worker-Main-5/INFO]: [OptiFine] ConnectedTextures: optifine/ctm/default/05_glass_lime/glass_lime.properties
[12:45:08] [Worker-Main-5/INFO]: [OptiFine] ConnectedTextures: optifine/ctm/default/05_glass_lime/glass_pane_lime.properties
[12:45:08] [Worker-Main-5/INFO]: [OptiFine] ConnectedTextures: optifine/ctm/default/06_glass_pink/glass_pane_pink.properties
[12:45:09] [Worker-Main-5/INFO]: [OptiFine] ConnectedTextures: optifine/ctm/default/06_glass_pink/glass_pink.properties
[12:45:09] [Worker-Main-5/INFO]: [OptiFine] ConnectedTextures: optifine/ctm/default/07_glass_gray/glass_gray.properties
[12:45:09] [Worker-Main-5/INFO]: [OptiFine] ConnectedTextures: optifine/ctm/default/07_glass_gray/glass_pane_gray.properties
[12:45:09] [Worker-Main-5/INFO]: [OptiFine] ConnectedTextures: optifine/ctm/default/08_glass_light_gray/glass_light_gray.properties
[12:45:09] [Worker-Main-5/INFO]: [OptiFine] ConnectedTextures: optifine/ctm/default/08_glass_light_gray/glass_pane_light_gray.properties
[12:45:09] [Worker-Main-5/INFO]: [OptiFine] ConnectedTextures: optifine/ctm/default/09_glass_cyan/glass_cyan.properties
[12:45:09] [Worker-Main-5/INFO]: [OptiFine] ConnectedTextures: optifine/ctm/default/09_glass_cyan/glass_pane_cyan.properties
[12:45:09] [Worker-Main-5/INFO]: [OptiFine] ConnectedTextures: optifine/ctm/default/10_glass_purple/glass_pane_purple.properties
[12:45:09] [Worker-Main-5/INFO]: [OptiFine] ConnectedTextures: optifine/ctm/default/10_glass_purple/glass_purple.properties
[12:45:09] [Worker-Main-5/INFO]: [OptiFine] ConnectedTextures: optifine/ctm/default/11_glass_blue/glass_blue.properties
[12:45:09] [Worker-Main-5/INFO]: [OptiFine] ConnectedTextures: optifine/ctm/default/11_glass_blue/glass_pane_blue.properties
[12:45:09] [Worker-Main-5/INFO]: [OptiFine] ConnectedTextures: optifine/ctm/default/12_glass_brown/glass_brown.properties
[12:45:09] [Worker-Main-6/INFO]: [OptiFine] Mipmap levels: 4
[12:45:09] [Worker-Main-5/INFO]: [OptiFine] ConnectedTextures: optifine/ctm/default/12_glass_brown/glass_pane_brown.properties
[12:45:09] [Worker-Main-5/INFO]: [OptiFine] ConnectedTextures: optifine/ctm/default/13_glass_green/glass_green.properties
[12:45:09] [Worker-Main-5/INFO]: [OptiFine] ConnectedTextures: optifine/ctm/default/13_glass_green/glass_pane_green.properties
[12:45:09] [Worker-Main-5/INFO]: [OptiFine] ConnectedTextures: optifine/ctm/default/14_glass_red/glass_pane_red.properties
[12:45:09] [Worker-Main-5/INFO]: [OptiFine] ConnectedTextures: optifine/ctm/default/14_glass_red/glass_red.properties
[12:45:09] [Worker-Main-5/INFO]: [OptiFine] ConnectedTextures: optifine/ctm/default/15_glass_black/glass_black.properties
[12:45:09] [Worker-Main-5/INFO]: [OptiFine] ConnectedTextures: optifine/ctm/default/15_glass_black/glass_pane_black.properties
[12:45:09] [Worker-Main-5/INFO]: [OptiFine] ConnectedTextures: optifine/ctm/default/20_glass/glass.properties
[12:45:09] [Worker-Main-5/INFO]: [OptiFine] ConnectedTextures: optifine/ctm/default/20_glass/glass_pane.properties
[12:45:09] [Worker-Main-5/INFO]: [OptiFine] ConnectedTextures: optifine/ctm/default/21_tinted_glass/tinted_glass.properties
[12:45:09] [Worker-Main-5/INFO]: [OptiFine] ConnectedTextures: optifine/ctm/default/30_bookshelf/bookshelf.properties
[12:45:09] [Worker-Main-5/INFO]: [OptiFine] ConnectedTextures: optifine/ctm/default/40_sandstone/sandstone.properties
[12:45:09] [Worker-Main-5/INFO]: [OptiFine] ConnectedTextures: optifine/ctm/default/41_red_sandstone/red_sandstone.properties
[12:45:09] [Worker-Main-5/INFO]: [OptiFine] Multipass connected textures: false
[12:45:10] [Worker-Main-5/INFO]: [OptiFine] BetterGrass: Parsing default configuration optifine/bettergrass.properties
[12:45:12] [Worker-Main-5/INFO]: [OptiFine] Mipmap levels: 4
[12:45:13] [Render thread/WARN]: Missing sound for event: minecraft:item.goat_horn.play
[12:45:13] [Render thread/WARN]: Missing sound for event: minecraft:entity.goat.screaming.horn_break
[12:45:13] [Render thread/INFO]: OpenAL initialized on device OpenAL Soft on Headset Earphone (G435 Wireless Gaming Headset)
[12:45:13] [Render thread/INFO]: Sound engine started
[12:45:13] [Render thread/INFO]: Created: 1024x1024x4 minecraft:textures/atlas/blocks.png-atlas
[12:45:13] [Render thread/INFO]: [OptiFine] Animated sprites: 51
[12:45:13] [Render thread/INFO]: Created: 256x256x4 minecraft:textures/atlas/signs.png-atlas
[12:45:13] [Render thread/INFO]: [OptiFine] Animated sprites: 0
[12:45:13] [Render thread/INFO]: Created: 512x512x4 minecraft:textures/atlas/banner_patterns.png-atlas
[12:45:13] [Render thread/INFO]: [OptiFine] Animated sprites: 0
[12:45:13] [Render thread/INFO]: Created: 512x512x4 minecraft:textures/atlas/shield_patterns.png-atlas
[12:45:13] [Render thread/INFO]: [OptiFine] Animated sprites: 0
[12:45:13] [Render thread/INFO]: Created: 1024x1024x4 minecraft:textures/atlas/armor_trims.png-atlas
[12:45:13] [Render thread/INFO]: [OptiFine] Animated sprites: 0
[12:45:13] [Render thread/INFO]: Created: 128x64x4 minecraft:textures/atlas/decorated_pot.png-atlas
[12:45:13] [Render thread/INFO]: [OptiFine] Animated sprites: 0
[12:45:13] [Render thread/INFO]: Created: 256x256x4 minecraft:textures/atlas/chest.png-atlas
[12:45:13] [Render thread/INFO]: [OptiFine] Animated sprites: 0
[12:45:13] [Render thread/INFO]: Created: 512x256x4 minecraft:textures/atlas/beds.png-atlas
[12:45:13] [Render thread/INFO]: [OptiFine] Animated sprites: 0
[12:45:13] [Render thread/INFO]: Created: 512x256x4 minecraft:textures/atlas/shulker_boxes.png-atlas
[12:45:13] [Render thread/INFO]: [OptiFine] Animated sprites: 0
[12:45:14] [Render thread/INFO]: Created: 512x256x0 minecraft:textures/atlas/particles.png-atlas
[12:45:14] [Render thread/INFO]: [OptiFine] Animated sprites: 1
[12:45:14] [Render thread/INFO]: Created: 512x256x0 minecraft:textures/atlas/paintings.png-atlas
[12:45:14] [Render thread/INFO]: [OptiFine] Animated sprites: 0
[12:45:14] [Render thread/INFO]: Created: 256x128x0 minecraft:textures/atlas/mob_effects.png-atlas
[12:45:14] [Render thread/INFO]: [OptiFine] Animated sprites: 0
[12:45:14] [Render thread/INFO]: Created: 64x64x0 minecraft:textures/atlas/map_decorations.png-atlas
[12:45:14] [Render thread/INFO]: [OptiFine] Animated sprites: 0
[12:45:14] [Render thread/INFO]: Created: 1024x512x0 minecraft:textures/atlas/gui.png-atlas
[12:45:14] [Render thread/INFO]: [OptiFine] Animated sprites: 2
[12:45:14] [Render thread/WARN]: Shader rendertype_entity_translucent_emissive could not find sampler named Sampler2 in the specified shader program.
[12:45:14] [Render thread/INFO]: [OptiFine] *** Reloading custom textures ***
[12:45:17] [Render thread/INFO]: [OptiFine] Disable Forge light pipeline
[12:45:23] [Render thread/INFO]: Loaded 1290 recipes
[12:45:23] [Render thread/INFO]: Loaded 1399 advancements
[12:45:24] [Server thread/INFO]: Starting integrated minecraft server version 1.21.1
[12:45:24] [Server thread/INFO]: Generating keypair
[12:45:24] [Server thread/INFO]: Preparing start region for dimension minecraft:overworld
[12:45:25] [Render thread/INFO]: Preparing spawn area: 0%
[12:45:25] [Render thread/INFO]: Preparing spawn area: 0%
[12:45:25] [Render thread/INFO]: Time elapsed: 803 ms
[12:45:25] [Server thread/INFO]: Changing view distance to 2, from 10
[12:45:25] [Server thread/INFO]: Changing simulation distance to 5, from 0
[12:45:26] [Server thread/INFO]: Exlenty_25Dza[local:E:5a679edb] logged in with entity id 19 at (78.7121583642261, -60.0625, -18.94887204034406)
[12:45:26] [Server thread/INFO]: Exlenty_25Dza joined the game
[12:45:27] [Render thread/INFO]: Loaded 154 advancements
[12:45:27] [Server thread/INFO]: Saving and pausing game...
[12:45:27] [Server thread/INFO]: Saving chunks for level 'ServerLevel[New World]'/minecraft:overworld
[12:45:27] [Server thread/INFO]: Saving chunks for level 'ServerLevel[New World]'/minecraft:the_end
[12:45:27] [Server thread/INFO]: Saving chunks for level 'ServerLevel[New World]'/minecraft:the_nether
[12:45:32] [Server thread/INFO]: [Exlenty_25Dza: Set the time to 1000]
[12:45:32] [Render thread/INFO]: [System] [CHAT] Set the time to 1000
[12:45:33] [Server thread/INFO]: Saving and pausing game...
[12:45:33] [Server thread/INFO]: Saving chunks for level 'ServerLevel[New World]'/minecraft:overworld
[12:45:33] [Server thread/INFO]: Saving chunks for level 'ServerLevel[New World]'/minecraft:the_end
[12:45:33] [Server thread/INFO]: Saving chunks for level 'ServerLevel[New World]'/minecraft:the_nether
[12:49:17] [Server thread/INFO]: Villager Villager['Fletcher'/30, l='ServerLevel[New World]', x=85.87, y=-60.00, z=-7.15] died, message: 'Fletcher was slain by Exlenty_25Dza'
[12:49:17] [Render thread/INFO]: Villager Villager['Fletcher'/30, l='ClientLevel', x=85.26, y=-60.00, z=-7.63] died, message: 'Fletcher died'
[12:49:25] [Server thread/INFO]: Saving and pausing game...
[12:49:25] [Server thread/INFO]: Saving chunks for level 'ServerLevel[New World]'/minecraft:overworld
[12:49:25] [Server thread/INFO]: Saving chunks for level 'ServerLevel[New World]'/minecraft:the_end
[12:49:25] [Server thread/INFO]: Saving chunks for level 'ServerLevel[New World]'/minecraft:the_nether
[12:49:25] [Server thread/INFO]: Exlenty_25Dza lost connection: Disconnected
[12:49:25] [Server thread/INFO]: Exlenty_25Dza left the game
[12:49:25] [Server thread/INFO]: Stopping singleplayer server as player logged out
[12:49:25] [Server thread/INFO]: Stopping server
[12:49:25] [Server thread/INFO]: Saving players
[12:49:25] [Server thread/INFO]: Saving worlds
[12:49:25] [Server thread/INFO]: Saving chunks for level 'ServerLevel[New World]'/minecraft:overworld
[12:49:25] [Server thread/INFO]: Saving chunks for level 'ServerLevel[New World]'/minecraft:the_end
[12:49:25] [Server thread/INFO]: Saving chunks for level 'ServerLevel[New World]'/minecraft:the_nether
[12:49:25] [Server thread/INFO]: ThreadedAnvilChunkStorage (New World): All chunks are saved
[12:49:25] [Server thread/INFO]: ThreadedAnvilChunkStorage (DIM1): All chunks are saved
[12:49:25] [Server thread/INFO]: ThreadedAnvilChunkStorage (DIM-1): All chunks are saved
[12:49:25] [Server thread/INFO]: ThreadedAnvilChunkStorage: All dimensions are saved
[12:49:26] [Render thread/INFO]: Stopping!
